<?xml version="1.0" encoding="UTF-8"?>
<!-- Generated by org.testng.reporters.JUnitXMLReporter -->
<testsuite hostname="DESKTOP-JKQG76B" ignored="1" name="Default test" tests="3" failures="0" timestamp="22 Dec 2018 09:36:28 GMT" time="47.733" errors="0">
  <testcase name="loginPage" time="4.793" classname="pages.PageTest"/>
  <testcase name="userName" time="0.149" classname="pages.PageTest"/>
  <testcase name="button" time="9.454" classname="pages.PageTest"/>
  <testcase name="password" time="0.0" classname="pages.PageTest">
    <ignored/>
  </testcase> <!-- password -->
</testsuite> <!-- Default test -->
