<?xml version="1.0" encoding="UTF-8"?>
<testng-results skipped="0" failed="0" ignored="1" total="4" passed="3">
  <reporter-output>
  </reporter-output>
  <suite name="Default suite" duration-ms="47733" started-at="2018-12-22T09:35:40Z" finished-at="2018-12-22T09:36:28Z">
    <groups>
    </groups>
    <test name="Default test" duration-ms="47733" started-at="2018-12-22T09:35:40Z" finished-at="2018-12-22T09:36:28Z">
      <class name="pages.PageTest">
        <test-method status="PASS" signature="launch()[pri:0, instance:pages.PageTest@87f383f]" name="launch" is-config="true" duration-ms="9592" started-at="2018-12-22T09:35:40Z" finished-at="2018-12-22T09:35:50Z">
          <reporter-output>
          </reporter-output>
        </test-method> <!-- launch -->
        <test-method status="PASS" signature="loginPage()[pri:0, instance:pages.PageTest@87f383f]" name="loginPage" duration-ms="4793" started-at="2018-12-22T09:35:50Z" finished-at="2018-12-22T09:35:54Z">
          <reporter-output>
          </reporter-output>
        </test-method> <!-- loginPage -->
        <test-method status="PASS" signature="tearDown()[pri:0, instance:pages.PageTest@87f383f]" name="tearDown" is-config="true" duration-ms="828" started-at="2018-12-22T09:35:54Z" finished-at="2018-12-22T09:35:55Z">
          <reporter-output>
          </reporter-output>
        </test-method> <!-- tearDown -->
        <test-method status="PASS" signature="launch()[pri:0, instance:pages.PageTest@87f383f]" name="launch" is-config="true" duration-ms="9038" started-at="2018-12-22T09:35:55Z" finished-at="2018-12-22T09:36:04Z">
          <reporter-output>
          </reporter-output>
        </test-method> <!-- launch -->
        <test-method status="PASS" signature="userName()[pri:1, instance:pages.PageTest@87f383f]" name="userName" duration-ms="149" started-at="2018-12-22T09:36:04Z" finished-at="2018-12-22T09:36:04Z">
          <reporter-output>
          </reporter-output>
        </test-method> <!-- userName -->
        <test-method status="PASS" signature="tearDown()[pri:0, instance:pages.PageTest@87f383f]" name="tearDown" is-config="true" duration-ms="782" started-at="2018-12-22T09:36:04Z" finished-at="2018-12-22T09:36:05Z">
          <reporter-output>
          </reporter-output>
        </test-method> <!-- tearDown -->
        <test-method status="PASS" signature="launch()[pri:0, instance:pages.PageTest@87f383f]" name="launch" is-config="true" duration-ms="12097" started-at="2018-12-22T09:36:05Z" finished-at="2018-12-22T09:36:17Z">
          <reporter-output>
          </reporter-output>
        </test-method> <!-- launch -->
        <test-method status="PASS" signature="button()[pri:3, instance:pages.PageTest@87f383f]" name="button" duration-ms="9454" started-at="2018-12-22T09:36:17Z" finished-at="2018-12-22T09:36:27Z">
          <reporter-output>
          </reporter-output>
        </test-method> <!-- button -->
        <test-method status="PASS" signature="tearDown()[pri:0, instance:pages.PageTest@87f383f]" name="tearDown" is-config="true" duration-ms="963" started-at="2018-12-22T09:36:27Z" finished-at="2018-12-22T09:36:28Z">
          <reporter-output>
          </reporter-output>
        </test-method> <!-- tearDown -->
      </class> <!-- pages.PageTest -->
    </test> <!-- Default test -->
  </suite> <!-- Default suite -->
</testng-results>
